Arguments: 
  /usr/bin/node /usr/share/yarn/bin/yarn.js add fastify

PATH: 
  /home/luciano/.yarn/bin:/home/luciano/.zinit/polaris/bin:/usr/local/sbin:/usr/local/bin:/usr/sbin:/usr/bin:/sbin:/bin:/usr/games:/usr/local/games:/snap/bin:/snap/bin:/home/luciano/android-studio/bin:/home/luciano/Android/Sdk/emulator:/home/luciano/Android/Sdk/tools:/home/luciano/Android/Sdk/tools/bin:/home/luciano/Android/Sdk/platform-tools

Yarn version: 
  1.22.19

Node version: 
  14.21.2

Platform: 
  linux x64

Trace: 
  Error: getaddrinfo EAI_AGAIN registry.yarnpkg.com
      at GetAddrInfoReqWrap.onlookup [as oncomplete] (dns.js:71:26)

npm manifest: 
  {
    "name": "backend",
    "version": "1.0.0",
    "description": "",
    "main": "index.js",
    "scripts": {
      "test": "echo \"Error: no test specified\" && exit 1"
    },
    "keywords": [],
    "author": "",
    "license": "ISC"
  }

yarn manifest: 
  No manifest

Lockfile: 
  No lockfile
